2020-05-06 11:29:45.2161 Info Auto loading assembly file: \\mac\Home\Downloads\Dev\AppPlat\App.Scheduler\App.Scheduler-GitHub\App.ConsolerCore\bin\Debug\netcoreapp3.1\NLog.Extensions.Logging.dll
2020-05-06 11:29:45.2219 Info Loading assembly file: \\mac\Home\Downloads\Dev\AppPlat\App.Scheduler\App.Scheduler-GitHub\App.ConsolerCore\bin\Debug\netcoreapp3.1\NLog.Extensions.Logging.dll
2020-05-06 11:29:45.2493 Info NLog.Extensions.Logging, Version=1.0.0.0, Culture=neutral, PublicKeyToken=5120e14c03d0593c. File version: 1.6.2.1321. Product version: 1.6.2.
2020-05-06 11:29:45.2765 Info Auto loading assembly file: \\mac\Home\Downloads\Dev\AppPlat\App.Scheduler\App.Scheduler-GitHub\App.ConsolerCore\bin\Debug\netcoreapp3.1\NLog.Extensions.Logging.dll succeeded!
2020-05-06 11:29:45.2765 Info Message Template Auto Format enabled
2020-05-06 11:29:45.3542 Info Adding target FileTarget(Name=target1)
2020-05-06 11:29:45.3542 Info Adding target ConsoleTarget(Name=target2)
2020-05-06 11:29:45.4000 Info Found 33 configuration items
2020/05/06 11:30:36.043|INFO|Connect http://www.baidu.com running |App.Consoler.Program|
2020/05/06 11:30:36.974|INFO|Connect http://www.baidu.com ok |App.Consoler.Program|
2020-05-06 11:30:47.0390 Info AppDomain Shutting down. Logger closing...
2020-05-06 11:30:47.0728 Info Logger has been shut down.
2020-05-06 11:31:27.2850 Info Auto loading assembly file: \\mac\Home\Downloads\Dev\AppPlat\App.Scheduler\App.Scheduler-GitHub\App.ConsolerCore\bin\Debug\netcoreapp3.1\NLog.Extensions.Logging.dll
2020-05-06 11:31:27.2850 Info Loading assembly file: \\mac\Home\Downloads\Dev\AppPlat\App.Scheduler\App.Scheduler-GitHub\App.ConsolerCore\bin\Debug\netcoreapp3.1\NLog.Extensions.Logging.dll
2020-05-06 11:31:27.3122 Info NLog.Extensions.Logging, Version=1.0.0.0, Culture=neutral, PublicKeyToken=5120e14c03d0593c. File version: 1.6.2.1321. Product version: 1.6.2.
2020-05-06 11:31:27.3323 Info Auto loading assembly file: \\mac\Home\Downloads\Dev\AppPlat\App.Scheduler\App.Scheduler-GitHub\App.ConsolerCore\bin\Debug\netcoreapp3.1\NLog.Extensions.Logging.dll succeeded!
2020-05-06 11:31:27.3323 Info Message Template Auto Format enabled
2020-05-06 11:31:27.4010 Info Adding target FileTarget(Name=target1)
2020-05-06 11:31:27.4010 Info Adding target ConsoleTarget(Name=target2)
2020-05-06 11:31:27.4443 Info Found 33 configuration items
2020/05/06 11:31:28.293|INFO|Logger start |App.Consoler.Program|
2020/05/06 11:31:31.236|INFO|Connect http://www.baidu.com running |App.Consoler.Program|
2020/05/06 11:31:32.120|INFO|Connect http://www.baidu.com ok |App.Consoler.Program|
2020-05-06 11:31:42.5433 Info AppDomain Shutting down. Logger closing...
2020-05-06 11:31:42.5693 Info Logger has been shut down.
2020-05-06 11:32:29.1861 Info Auto loading assembly file: \\mac\Home\Downloads\Dev\AppPlat\App.Scheduler\App.Scheduler-GitHub\App.ConsolerCore\bin\Debug\netcoreapp3.1\NLog.Extensions.Logging.dll
2020-05-06 11:32:29.1921 Info Loading assembly file: \\mac\Home\Downloads\Dev\AppPlat\App.Scheduler\App.Scheduler-GitHub\App.ConsolerCore\bin\Debug\netcoreapp3.1\NLog.Extensions.Logging.dll
2020-05-06 11:32:29.2157 Info NLog.Extensions.Logging, Version=1.0.0.0, Culture=neutral, PublicKeyToken=5120e14c03d0593c. File version: 1.6.2.1321. Product version: 1.6.2.
2020-05-06 11:32:29.2374 Info Auto loading assembly file: \\mac\Home\Downloads\Dev\AppPlat\App.Scheduler\App.Scheduler-GitHub\App.ConsolerCore\bin\Debug\netcoreapp3.1\NLog.Extensions.Logging.dll succeeded!
2020-05-06 11:32:29.2374 Info Message Template Auto Format enabled
2020-05-06 11:32:29.3111 Info Adding target FileTarget(Name=target1)
2020-05-06 11:32:29.3130 Info Adding target ConsoleTarget(Name=target2)
2020-05-06 11:32:29.3495 Info Found 25 configuration items
2020/05/06 11:32:29.387|INFO|Logger start 
2020/05/06 11:32:30.432|INFO|Connect http://www.baidu.com running 
2020/05/06 11:32:31.324|INFO|Connect http://www.baidu.com ok 
2020-05-06 11:32:41.0046 Info AppDomain Shutting down. Logger closing...
2020-05-06 11:32:41.0338 Info Logger has been shut down.
